150907 17:11:27 [Note] Plugin 'FEDERATED' is disabled.
150907 17:11:27 InnoDB: The InnoDB memory heap is disabled
150907 17:11:27 InnoDB: Mutexes and rw_locks use Windows interlocked functions
150907 17:11:27 InnoDB: Compressed tables use zlib 1.2.3
150907 17:11:27 InnoDB: Initializing buffer pool, size = 16.0M
150907 17:11:27 InnoDB: Completed initialization of buffer pool
InnoDB: The first specified data file .\ibdata1 did not exist:
InnoDB: a new database to be created!
150907 17:11:27  InnoDB: Setting file .\ibdata1 size to 10 MB
InnoDB: Database physically writes the file full: wait...
150907 17:11:27  InnoDB: Log file .\ib_logfile0 did not exist: new to be created
InnoDB: Setting log file .\ib_logfile0 size to 5 MB
InnoDB: Database physically writes the file full: wait...
150907 17:11:28  InnoDB: Log file .\ib_logfile1 did not exist: new to be created
InnoDB: Setting log file .\ib_logfile1 size to 5 MB
InnoDB: Database physically writes the file full: wait...
InnoDB: Doublewrite buffer not found: creating new
InnoDB: Doublewrite buffer created
InnoDB: 127 rollback segment(s) active.
InnoDB: Creating foreign key constraint system tables
InnoDB: Foreign key constraint system tables created
150907 17:11:28  InnoDB: Waiting for the background threads to start
150907 17:11:29 InnoDB: 5.5.44 started; log sequence number 0
150907 17:11:29 [Note] Server hostname (bind-address): '127.0.0.1'; port: 3306
150907 17:11:29 [Note]   - '127.0.0.1' resolves to '127.0.0.1';
150907 17:11:29 [Note] Server socket created on IP: '127.0.0.1'.
150907 17:11:29 [Note] Event Scheduler: Loaded 0 events
150907 17:11:29 [Note] C:\Users\Damian\Downloads\UniServerZ\core\mysql\bin\mysqld_z.exe: ready for connections.
Version: '5.5.44'  socket: ''  port: 3306  MySQL Community Server (GPL)
150919 18:34:25 [Note] Plugin 'FEDERATED' is disabled.
150919 18:34:25 InnoDB: The InnoDB memory heap is disabled
150919 18:34:25 InnoDB: Mutexes and rw_locks use Windows interlocked functions
150919 18:34:25 InnoDB: Compressed tables use zlib 1.2.3
150919 18:34:25 InnoDB: Initializing buffer pool, size = 16.0M
150919 18:34:25 InnoDB: Completed initialization of buffer pool
150919 18:34:25 InnoDB: highest supported file format is Barracuda.
InnoDB: Log scan progressed past the checkpoint lsn 48941
150919 18:34:25  InnoDB: Database was not shut down normally!
InnoDB: Starting crash recovery.
InnoDB: Reading tablespace information from the .ibd files...
InnoDB: Restoring possible half-written data pages from the doublewrite
InnoDB: buffer...
InnoDB: Doing recovery: scanned up to log sequence number 1595675
150919 18:34:26  InnoDB: Starting an apply batch of log records to the database...
InnoDB: Progress in percents: 22 23 24 25 26 27 28 29 30 31 32 33 34 35 36 37 38 39 40 41 42 43 44 45 46 47 48 49 50 51 52 53 54 55 56 57 58 59 60 61 62 63 64 65 66 67 68 69 70 71 72 73 74 75 76 77 78 79 80 81 82 83 84 85 86 87 88 89 90 91 92 93 94 95 96 97 98 99 
InnoDB: Apply batch completed
150919 18:34:26  InnoDB: Waiting for the background threads to start
150919 18:34:27 InnoDB: 5.5.44 started; log sequence number 1595675
150919 18:34:27 [Note] Server hostname (bind-address): '127.0.0.1'; port: 3306
150919 18:34:27 [Note]   - '127.0.0.1' resolves to '127.0.0.1';
150919 18:34:27 [Note] Server socket created on IP: '127.0.0.1'.
150919 18:34:27 [Note] Event Scheduler: Loaded 0 events
150919 18:34:27 [Note] C:\Users\Damian\Downloads\UniServerZ\core\mysql\bin\mysqld_z.exe: ready for connections.
Version: '5.5.44'  socket: ''  port: 3306  MySQL Community Server (GPL)
150919 18:34:48 [Note] C:\Users\Damian\Downloads\UniServerZ\core\mysql\bin\mysqld_z.exe: Normal shutdown

150919 18:34:48 [Note] Event Scheduler: Purging the queue. 0 events
150919 18:34:48  InnoDB: Starting shutdown...
150919 18:34:48  InnoDB: Shutdown completed; log sequence number 1595675
150919 18:34:48 [Note] C:\Users\Damian\Downloads\UniServerZ\core\mysql\bin\mysqld_z.exe: Shutdown complete

150919 18:34:53 [Note] Plugin 'FEDERATED' is disabled.
150919 18:34:53 InnoDB: The InnoDB memory heap is disabled
150919 18:34:53 InnoDB: Mutexes and rw_locks use Windows interlocked functions
150919 18:34:53 InnoDB: Compressed tables use zlib 1.2.3
150919 18:34:53 InnoDB: Initializing buffer pool, size = 16.0M
150919 18:34:53 InnoDB: Completed initialization of buffer pool
150919 18:34:53 InnoDB: highest supported file format is Barracuda.
150919 18:34:53  InnoDB: Waiting for the background threads to start
150919 18:34:54 InnoDB: 5.5.44 started; log sequence number 1595675
150919 18:34:54 [Note] Server hostname (bind-address): '127.0.0.1'; port: 3306
150919 18:34:54 [Note]   - '127.0.0.1' resolves to '127.0.0.1';
150919 18:34:54 [Note] Server socket created on IP: '127.0.0.1'.
150919 18:34:55 [Note] Event Scheduler: Loaded 0 events
150919 18:34:55 [Note] C:\Users\Damian\Downloads\UniServerZ\core\mysql\bin\mysqld_z.exe: ready for connections.
Version: '5.5.44'  socket: ''  port: 3306  MySQL Community Server (GPL)
150921 10:48:02 [Note] C:\Users\Damian\Downloads\UniServerZ\core\mysql\bin\mysqld_z.exe: Normal shutdown

150921 10:48:02 [Note] Event Scheduler: Purging the queue. 0 events
150921 10:48:02  InnoDB: Starting shutdown...
150921 10:48:02  InnoDB: Shutdown completed; log sequence number 1595675
150921 10:48:02 [Note] C:\Users\Damian\Downloads\UniServerZ\core\mysql\bin\mysqld_z.exe: Shutdown complete

151025 20:40:03 [Note] Plugin 'FEDERATED' is disabled.
151025 20:40:03 InnoDB: The InnoDB memory heap is disabled
151025 20:40:03 InnoDB: Mutexes and rw_locks use Windows interlocked functions
151025 20:40:03 InnoDB: Compressed tables use zlib 1.2.3
151025 20:40:03 InnoDB: Initializing buffer pool, size = 16.0M
151025 20:40:03 InnoDB: Completed initialization of buffer pool
151025 20:40:04 InnoDB: highest supported file format is Barracuda.
151025 20:40:04  InnoDB: Waiting for the background threads to start
151025 20:40:05 InnoDB: 5.5.44 started; log sequence number 1595675
151025 20:40:05 [Note] Server hostname (bind-address): '127.0.0.1'; port: 3306
151025 20:40:05 [Note]   - '127.0.0.1' resolves to '127.0.0.1';
151025 20:40:05 [Note] Server socket created on IP: '127.0.0.1'.
151025 20:40:05 [Note] Event Scheduler: Loaded 0 events
151025 20:40:05 [Note] C:\Users\Damian\Downloads\UniServerZ\core\mysql\bin\mysqld_z.exe: ready for connections.
Version: '5.5.44'  socket: ''  port: 3306  MySQL Community Server (GPL)
151025 20:51:23 [Note] C:\Users\Damian\Downloads\UniServerZ\core\mysql\bin\mysqld_z.exe: Normal shutdown

151025 20:51:23 [Note] Event Scheduler: Purging the queue. 0 events
151025 20:51:23  InnoDB: Starting shutdown...
151025 20:51:24  InnoDB: Shutdown completed; log sequence number 1599727
151025 20:51:24 [Note] C:\Users\Damian\Downloads\UniServerZ\core\mysql\bin\mysqld_z.exe: Shutdown complete

151025 20:52:40 [Note] Plugin 'FEDERATED' is disabled.
151025 20:52:40 InnoDB: The InnoDB memory heap is disabled
151025 20:52:40 InnoDB: Mutexes and rw_locks use Windows interlocked functions
151025 20:52:40 InnoDB: Compressed tables use zlib 1.2.3
151025 20:52:40 InnoDB: Initializing buffer pool, size = 16.0M
151025 20:52:40 InnoDB: Completed initialization of buffer pool
151025 20:52:40 InnoDB: highest supported file format is Barracuda.
151025 20:52:40  InnoDB: Waiting for the background threads to start
151025 20:52:41 InnoDB: 5.5.44 started; log sequence number 1599727
151025 20:52:41 [Note] Server hostname (bind-address): '127.0.0.1'; port: 3306
151025 20:52:41 [Note]   - '127.0.0.1' resolves to '127.0.0.1';
151025 20:52:41 [Note] Server socket created on IP: '127.0.0.1'.
151025 20:52:41 [Note] Event Scheduler: Loaded 0 events
151025 20:52:41 [Note] C:\Users\Damian\Downloads\UniServerZ\core\mysql\bin\mysqld_z.exe: ready for connections.
Version: '5.5.44'  socket: ''  port: 3306  MySQL Community Server (GPL)
151025 20:57:21 [Note] C:\Users\Damian\Downloads\UniServerZ\core\mysql\bin\mysqld_z.exe: Normal shutdown

151025 20:57:21 [Note] Event Scheduler: Purging the queue. 0 events
151025 20:57:21  InnoDB: Starting shutdown...
151025 20:57:21  InnoDB: Shutdown completed; log sequence number 1599727
151025 20:57:21 [Note] C:\Users\Damian\Downloads\UniServerZ\core\mysql\bin\mysqld_z.exe: Shutdown complete

151025 20:57:22 [Note] Plugin 'FEDERATED' is disabled.
151025 20:57:22 InnoDB: The InnoDB memory heap is disabled
151025 20:57:22 InnoDB: Mutexes and rw_locks use Windows interlocked functions
151025 20:57:22 InnoDB: Compressed tables use zlib 1.2.3
151025 20:57:22 InnoDB: Initializing buffer pool, size = 16.0M
151025 20:57:22 InnoDB: Completed initialization of buffer pool
151025 20:57:22 InnoDB: highest supported file format is Barracuda.
151025 20:57:22  InnoDB: Waiting for the background threads to start
151025 20:57:23 InnoDB: 5.5.44 started; log sequence number 1599727
151025 20:57:23 [Note] Server hostname (bind-address): '127.0.0.1'; port: 3306
151025 20:57:23 [Note]   - '127.0.0.1' resolves to '127.0.0.1';
151025 20:57:23 [Note] Server socket created on IP: '127.0.0.1'.
151025 20:57:23 [Note] Event Scheduler: Loaded 0 events
151025 20:57:23 [Note] C:\Users\Damian\Downloads\UniServerZ\core\mysql\bin\mysqld_z.exe: ready for connections.
Version: '5.5.44'  socket: ''  port: 3306  MySQL Community Server (GPL)
151025 21:30:46 [Note] C:\Users\Damian\Downloads\UniServerZ\core\mysql\bin\mysqld_z.exe: Normal shutdown

151025 21:30:46 [Note] Event Scheduler: Purging the queue. 0 events
151025 21:30:46  InnoDB: Starting shutdown...
151025 21:30:47  InnoDB: Shutdown completed; log sequence number 1599727
151025 21:30:47 [Note] C:\Users\Damian\Downloads\UniServerZ\core\mysql\bin\mysqld_z.exe: Shutdown complete

151025 21:30:57 [Note] Plugin 'FEDERATED' is disabled.
151025 21:30:57 InnoDB: The InnoDB memory heap is disabled
151025 21:30:57 InnoDB: Mutexes and rw_locks use Windows interlocked functions
151025 21:30:57 InnoDB: Compressed tables use zlib 1.2.3
151025 21:30:57 InnoDB: Initializing buffer pool, size = 16.0M
151025 21:30:57 InnoDB: Completed initialization of buffer pool
151025 21:30:57 InnoDB: highest supported file format is Barracuda.
151025 21:30:57  InnoDB: Waiting for the background threads to start
151025 21:30:58 InnoDB: 5.5.44 started; log sequence number 1599727
151025 21:30:58 [Note] Server hostname (bind-address): '127.0.0.1'; port: 3306
151025 21:30:58 [Note]   - '127.0.0.1' resolves to '127.0.0.1';
151025 21:30:58 [Note] Server socket created on IP: '127.0.0.1'.
151025 21:30:58 [Note] Event Scheduler: Loaded 0 events
151025 21:30:58 [Note] C:\Users\Damian\Downloads\UniServerZ\core\mysql\bin\mysqld_z.exe: ready for connections.
Version: '5.5.44'  socket: ''  port: 3306  MySQL Community Server (GPL)
151025 21:38:39 [Note] C:\Users\Damian\Downloads\UniServerZ\core\mysql\bin\mysqld_z.exe: Normal shutdown

151025 21:38:39 [Note] Event Scheduler: Purging the queue. 0 events
151025 21:38:39  InnoDB: Starting shutdown...
151025 21:38:39  InnoDB: Shutdown completed; log sequence number 1599727
151025 21:38:39 [Note] C:\Users\Damian\Downloads\UniServerZ\core\mysql\bin\mysqld_z.exe: Shutdown complete

151025 22:00:06 [Note] Plugin 'FEDERATED' is disabled.
151025 22:00:06 InnoDB: The InnoDB memory heap is disabled
151025 22:00:06 InnoDB: Mutexes and rw_locks use Windows interlocked functions
151025 22:00:06 InnoDB: Compressed tables use zlib 1.2.3
151025 22:00:06 InnoDB: Initializing buffer pool, size = 16.0M
151025 22:00:06 InnoDB: Completed initialization of buffer pool
151025 22:00:07 InnoDB: highest supported file format is Barracuda.
151025 22:00:07  InnoDB: Waiting for the background threads to start
151025 22:00:08 InnoDB: 5.5.44 started; log sequence number 1599727
151025 22:00:08 [Note] Server hostname (bind-address): '127.0.0.1'; port: 3306
151025 22:00:08 [Note]   - '127.0.0.1' resolves to '127.0.0.1';
151025 22:00:08 [Note] Server socket created on IP: '127.0.0.1'.
151025 22:00:08 [Note] Event Scheduler: Loaded 0 events
151025 22:00:08 [Note] C:\Users\Damian\Downloads\UniServerZ\core\mysql\bin\mysqld_z.exe: ready for connections.
Version: '5.5.44'  socket: ''  port: 3306  MySQL Community Server (GPL)
151025 22:02:39 [Note] Plugin 'FEDERATED' is disabled.
151025 22:02:39 InnoDB: The InnoDB memory heap is disabled
151025 22:02:39 InnoDB: Mutexes and rw_locks use Windows interlocked functions
151025 22:02:39 InnoDB: Compressed tables use zlib 1.2.3
151025 22:02:39 InnoDB: Initializing buffer pool, size = 16.0M
151025 22:02:39 InnoDB: Completed initialization of buffer pool
151025 22:02:39 InnoDB: highest supported file format is Barracuda.
151025 22:02:39  InnoDB: Waiting for the background threads to start
151025 22:02:40 InnoDB: 5.5.44 started; log sequence number 1599727
151025 22:02:40 [Note] Server hostname (bind-address): '127.0.0.1'; port: 3306
151025 22:02:40 [Note]   - '127.0.0.1' resolves to '127.0.0.1';
151025 22:02:40 [Note] Server socket created on IP: '127.0.0.1'.
151025 22:02:40 [Note] Event Scheduler: Loaded 0 events
151025 22:02:40 [Note] C:\Users\Damian\Downloads\UniServerZ\core\mysql\bin\mysqld_z.exe: ready for connections.
Version: '5.5.44'  socket: ''  port: 3306  MySQL Community Server (GPL)
151025 22:46:36 [Note] Plugin 'FEDERATED' is disabled.
151025 22:46:36 InnoDB: The InnoDB memory heap is disabled
151025 22:46:36 InnoDB: Mutexes and rw_locks use Windows interlocked functions
151025 22:46:36 InnoDB: Compressed tables use zlib 1.2.3
151025 22:46:36 InnoDB: Initializing buffer pool, size = 16.0M
151025 22:46:36 InnoDB: Completed initialization of buffer pool
151025 22:46:36 InnoDB: highest supported file format is Barracuda.
InnoDB: The log sequence number in ibdata files does not match
InnoDB: the log sequence number in the ib_logfiles!
151025 22:46:36  InnoDB: Database was not shut down normally!
InnoDB: Starting crash recovery.
InnoDB: Reading tablespace information from the .ibd files...
InnoDB: Restoring possible half-written data pages from the doublewrite
InnoDB: buffer...
151025 22:46:36  InnoDB: Waiting for the background threads to start
151025 22:46:37 InnoDB: 5.5.44 started; log sequence number 1603760
151025 22:46:37 [Note] Server hostname (bind-address): '127.0.0.1'; port: 3306
151025 22:46:37 [Note]   - '127.0.0.1' resolves to '127.0.0.1';
151025 22:46:37 [Note] Server socket created on IP: '127.0.0.1'.
151025 22:46:37 [Note] Event Scheduler: Loaded 0 events
151025 22:46:37 [Note] C:\Users\Damian\Downloads\UniServerZ\core\mysql\bin\mysqld_z.exe: ready for connections.
Version: '5.5.44'  socket: ''  port: 3306  MySQL Community Server (GPL)
151025 22:50:40 [Note] Plugin 'FEDERATED' is disabled.
151025 22:50:40 InnoDB: The InnoDB memory heap is disabled
151025 22:50:40 InnoDB: Mutexes and rw_locks use Windows interlocked functions
151025 22:50:40 InnoDB: Compressed tables use zlib 1.2.3
151025 22:50:40 InnoDB: Initializing buffer pool, size = 16.0M
151025 22:50:40 InnoDB: Completed initialization of buffer pool
151025 22:50:40 InnoDB: highest supported file format is Barracuda.
InnoDB: The log sequence number in ibdata files does not match
InnoDB: the log sequence number in the ib_logfiles!
151025 22:50:40  InnoDB: Database was not shut down normally!
InnoDB: Starting crash recovery.
InnoDB: Reading tablespace information from the .ibd files...
InnoDB: Restoring possible half-written data pages from the doublewrite
InnoDB: buffer...
151025 22:50:40  InnoDB: Waiting for the background threads to start
151025 22:50:41 InnoDB: 5.5.44 started; log sequence number 1603760
151025 22:50:41 [Note] Server hostname (bind-address): '127.0.0.1'; port: 3306
151025 22:50:41 [Note]   - '127.0.0.1' resolves to '127.0.0.1';
151025 22:50:41 [Note] Server socket created on IP: '127.0.0.1'.
151025 22:50:42 [Note] Event Scheduler: Loaded 0 events
151025 22:50:42 [Note] C:\Users\Damian\Downloads\UniServerZ\core\mysql\bin\mysqld_z.exe: ready for connections.
Version: '5.5.44'  socket: ''  port: 3306  MySQL Community Server (GPL)
151025 22:52:29 [Note] Plugin 'FEDERATED' is disabled.
151025 22:52:29 InnoDB: The InnoDB memory heap is disabled
151025 22:52:29 InnoDB: Mutexes and rw_locks use Windows interlocked functions
151025 22:52:29 InnoDB: Compressed tables use zlib 1.2.3
151025 22:52:29 InnoDB: Initializing buffer pool, size = 16.0M
151025 22:52:29 InnoDB: Completed initialization of buffer pool
151025 22:52:29 InnoDB: highest supported file format is Barracuda.
InnoDB: The log sequence number in ibdata files does not match
InnoDB: the log sequence number in the ib_logfiles!
151025 22:52:29  InnoDB: Database was not shut down normally!
InnoDB: Starting crash recovery.
InnoDB: Reading tablespace information from the .ibd files...
InnoDB: Restoring possible half-written data pages from the doublewrite
InnoDB: buffer...
151025 22:52:30  InnoDB: Waiting for the background threads to start
151025 22:52:31 InnoDB: 5.5.44 started; log sequence number 1603760
151025 22:52:31 [Note] Server hostname (bind-address): '127.0.0.1'; port: 3306
151025 22:52:31 [Note]   - '127.0.0.1' resolves to '127.0.0.1';
151025 22:52:31 [Note] Server socket created on IP: '127.0.0.1'.
151025 22:52:31 [Note] Event Scheduler: Loaded 0 events
151025 22:52:31 [Note] C:\Users\Damian\Downloads\UniServerZ\core\mysql\bin\mysqld_z.exe: ready for connections.
Version: '5.5.44'  socket: ''  port: 3306  MySQL Community Server (GPL)
151025 22:55:13 [Note] Plugin 'FEDERATED' is disabled.
151025 22:55:13 InnoDB: The InnoDB memory heap is disabled
151025 22:55:13 InnoDB: Mutexes and rw_locks use Windows interlocked functions
151025 22:55:13 InnoDB: Compressed tables use zlib 1.2.3
151025 22:55:13 InnoDB: Initializing buffer pool, size = 16.0M
151025 22:55:13 InnoDB: Completed initialization of buffer pool
151025 22:55:13 InnoDB: highest supported file format is Barracuda.
InnoDB: The log sequence number in ibdata files does not match
InnoDB: the log sequence number in the ib_logfiles!
151025 22:55:13  InnoDB: Database was not shut down normally!
InnoDB: Starting crash recovery.
InnoDB: Reading tablespace information from the .ibd files...
InnoDB: Restoring possible half-written data pages from the doublewrite
InnoDB: buffer...
151025 22:55:14  InnoDB: Waiting for the background threads to start
151025 22:55:15 InnoDB: 5.5.44 started; log sequence number 1603770
151025 22:55:15 [Note] Server hostname (bind-address): '127.0.0.1'; port: 3306
151025 22:55:15 [Note]   - '127.0.0.1' resolves to '127.0.0.1';
151025 22:55:15 [Note] Server socket created on IP: '127.0.0.1'.
151025 22:55:15 [Note] Event Scheduler: Loaded 0 events
151025 22:55:15 [Note] C:\Users\Damian\Downloads\UniServerZ\core\mysql\bin\mysqld_z.exe: ready for connections.
Version: '5.5.44'  socket: ''  port: 3306  MySQL Community Server (GPL)
151025 22:59:27 [Note] Plugin 'FEDERATED' is disabled.
151025 22:59:27 InnoDB: The InnoDB memory heap is disabled
151025 22:59:27 InnoDB: Mutexes and rw_locks use Windows interlocked functions
151025 22:59:27 InnoDB: Compressed tables use zlib 1.2.3
151025 22:59:27 InnoDB: Initializing buffer pool, size = 16.0M
151025 22:59:27 InnoDB: Completed initialization of buffer pool
151025 22:59:27 InnoDB: highest supported file format is Barracuda.
InnoDB: The log sequence number in ibdata files does not match
InnoDB: the log sequence number in the ib_logfiles!
151025 22:59:27  InnoDB: Database was not shut down normally!
InnoDB: Starting crash recovery.
InnoDB: Reading tablespace information from the .ibd files...
InnoDB: Restoring possible half-written data pages from the doublewrite
InnoDB: buffer...
151025 22:59:27  InnoDB: Waiting for the background threads to start
151025 22:59:28 InnoDB: 5.5.44 started; log sequence number 1607057
151025 22:59:28 [Note] Server hostname (bind-address): '127.0.0.1'; port: 3306
151025 22:59:28 [Note]   - '127.0.0.1' resolves to '127.0.0.1';
151025 22:59:28 [Note] Server socket created on IP: '127.0.0.1'.
151025 22:59:28 [Note] Event Scheduler: Loaded 0 events
151025 22:59:28 [Note] C:\Users\Damian\Downloads\UniServerZ\core\mysql\bin\mysqld_z.exe: ready for connections.
Version: '5.5.44'  socket: ''  port: 3306  MySQL Community Server (GPL)
151026  1:28:21 [Note] Plugin 'FEDERATED' is disabled.
151026  1:28:21 InnoDB: The InnoDB memory heap is disabled
151026  1:28:21 InnoDB: Mutexes and rw_locks use Windows interlocked functions
151026  1:28:21 InnoDB: Compressed tables use zlib 1.2.3
151026  1:28:21 InnoDB: Initializing buffer pool, size = 16.0M
151026  1:28:21 InnoDB: Completed initialization of buffer pool
151026  1:28:21 InnoDB: highest supported file format is Barracuda.
InnoDB: The log sequence number in ibdata files does not match
InnoDB: the log sequence number in the ib_logfiles!
151026  1:28:21  InnoDB: Database was not shut down normally!
InnoDB: Starting crash recovery.
InnoDB: Reading tablespace information from the .ibd files...
InnoDB: Restoring possible half-written data pages from the doublewrite
InnoDB: buffer...
151026  1:28:21  InnoDB: Waiting for the background threads to start
151026  1:28:22 InnoDB: 5.5.44 started; log sequence number 1607067
151026  1:28:22 [Note] Server hostname (bind-address): '127.0.0.1'; port: 3306
151026  1:28:22 [Note]   - '127.0.0.1' resolves to '127.0.0.1';
151026  1:28:22 [Note] Server socket created on IP: '127.0.0.1'.
151026  1:28:22 [Note] Event Scheduler: Loaded 0 events
151026  1:28:22 [Note] C:\Users\Damian\Downloads\UniServerZ\core\mysql\bin\mysqld_z.exe: ready for connections.
Version: '5.5.44'  socket: ''  port: 3306  MySQL Community Server (GPL)
151026  2:00:56 [Note] Plugin 'FEDERATED' is disabled.
151026  2:00:56 InnoDB: The InnoDB memory heap is disabled
151026  2:00:56 InnoDB: Mutexes and rw_locks use Windows interlocked functions
151026  2:00:56 InnoDB: Compressed tables use zlib 1.2.3
151026  2:00:56 InnoDB: Initializing buffer pool, size = 16.0M
151026  2:00:56 InnoDB: Completed initialization of buffer pool
151026  2:00:56 InnoDB: highest supported file format is Barracuda.
InnoDB: The log sequence number in ibdata files does not match
InnoDB: the log sequence number in the ib_logfiles!
151026  2:00:56  InnoDB: Database was not shut down normally!
InnoDB: Starting crash recovery.
InnoDB: Reading tablespace information from the .ibd files...
InnoDB: Restoring possible half-written data pages from the doublewrite
InnoDB: buffer...
151026  2:00:56  InnoDB: Waiting for the background threads to start
151026  2:00:57 InnoDB: 5.5.44 started; log sequence number 1607077
151026  2:00:57 [Note] Server hostname (bind-address): '127.0.0.1'; port: 3306
151026  2:00:57 [Note]   - '127.0.0.1' resolves to '127.0.0.1';
151026  2:00:57 [Note] Server socket created on IP: '127.0.0.1'.
151026  2:00:57 [Note] Event Scheduler: Loaded 0 events
151026  2:00:57 [Note] C:\Users\Damian\Downloads\UniServerZ\core\mysql\bin\mysqld_z.exe: ready for connections.
Version: '5.5.44'  socket: ''  port: 3306  MySQL Community Server (GPL)
151026  2:04:39 [Note] Plugin 'FEDERATED' is disabled.
151026  2:04:39 InnoDB: The InnoDB memory heap is disabled
151026  2:04:39 InnoDB: Mutexes and rw_locks use Windows interlocked functions
151026  2:04:39 InnoDB: Compressed tables use zlib 1.2.3
151026  2:04:39 InnoDB: Initializing buffer pool, size = 16.0M
151026  2:04:39 InnoDB: Completed initialization of buffer pool
151026  2:04:39 InnoDB: highest supported file format is Barracuda.
InnoDB: The log sequence number in ibdata files does not match
InnoDB: the log sequence number in the ib_logfiles!
151026  2:04:39  InnoDB: Database was not shut down normally!
InnoDB: Starting crash recovery.
InnoDB: Reading tablespace information from the .ibd files...
InnoDB: Restoring possible half-written data pages from the doublewrite
InnoDB: buffer...
151026  2:04:40  InnoDB: Waiting for the background threads to start
151026  2:04:41 InnoDB: 5.5.44 started; log sequence number 1607087
151026  2:04:41 [Note] Server hostname (bind-address): '127.0.0.1'; port: 3306
151026  2:04:41 [Note]   - '127.0.0.1' resolves to '127.0.0.1';
151026  2:04:41 [Note] Server socket created on IP: '127.0.0.1'.
151026  2:04:41 [Note] Event Scheduler: Loaded 0 events
151026  2:04:41 [Note] C:\Users\Damian\Downloads\UniServerZ\core\mysql\bin\mysqld_z.exe: ready for connections.
Version: '5.5.44'  socket: ''  port: 3306  MySQL Community Server (GPL)
151026 18:29:21 [Note] Plugin 'FEDERATED' is disabled.
151026 18:29:21 InnoDB: The InnoDB memory heap is disabled
151026 18:29:21 InnoDB: Mutexes and rw_locks use Windows interlocked functions
151026 18:29:21 InnoDB: Compressed tables use zlib 1.2.3
151026 18:29:21 InnoDB: Initializing buffer pool, size = 16.0M
151026 18:29:21 InnoDB: Completed initialization of buffer pool
151026 18:29:22 InnoDB: highest supported file format is Barracuda.
InnoDB: The log sequence number in ibdata files does not match
InnoDB: the log sequence number in the ib_logfiles!
151026 18:29:22  InnoDB: Database was not shut down normally!
InnoDB: Starting crash recovery.
InnoDB: Reading tablespace information from the .ibd files...
InnoDB: Restoring possible half-written data pages from the doublewrite
InnoDB: buffer...
151026 18:29:22  InnoDB: Waiting for the background threads to start
151026 18:29:23 InnoDB: 5.5.44 started; log sequence number 1613572
151026 18:29:23 [Note] Server hostname (bind-address): '127.0.0.1'; port: 3306
151026 18:29:23 [Note]   - '127.0.0.1' resolves to '127.0.0.1';
151026 18:29:23 [Note] Server socket created on IP: '127.0.0.1'.
151026 18:29:23 [Note] Event Scheduler: Loaded 0 events
151026 18:29:23 [Note] C:\Users\Damian\Downloads\UniServerZ\core\mysql\bin\mysqld_z.exe: ready for connections.
Version: '5.5.44'  socket: ''  port: 3306  MySQL Community Server (GPL)
151026 22:43:45 [Note] Plugin 'FEDERATED' is disabled.
151026 22:43:45 InnoDB: The InnoDB memory heap is disabled
151026 22:43:45 InnoDB: Mutexes and rw_locks use Windows interlocked functions
151026 22:43:45 InnoDB: Compressed tables use zlib 1.2.3
151026 22:43:45 InnoDB: Initializing buffer pool, size = 16.0M
151026 22:43:45 InnoDB: Completed initialization of buffer pool
151026 22:43:45 InnoDB: highest supported file format is Barracuda.
InnoDB: The log sequence number in ibdata files does not match
InnoDB: the log sequence number in the ib_logfiles!
151026 22:43:45  InnoDB: Database was not shut down normally!
InnoDB: Starting crash recovery.
InnoDB: Reading tablespace information from the .ibd files...
InnoDB: Restoring possible half-written data pages from the doublewrite
InnoDB: buffer...
151026 22:43:46  InnoDB: Waiting for the background threads to start
151026 22:43:47 InnoDB: 5.5.44 started; log sequence number 1690699
151026 22:43:47 [Note] Server hostname (bind-address): '127.0.0.1'; port: 3306
151026 22:43:47 [Note]   - '127.0.0.1' resolves to '127.0.0.1';
151026 22:43:47 [Note] Server socket created on IP: '127.0.0.1'.
151026 22:43:47 [Note] Event Scheduler: Loaded 0 events
151026 22:43:47 [Note] C:\Users\Damian\Downloads\UniServerZ\core\mysql\bin\mysqld_z.exe: ready for connections.
Version: '5.5.44'  socket: ''  port: 3306  MySQL Community Server (GPL)
151026 23:35:27 [Note] Plugin 'FEDERATED' is disabled.
151026 23:35:27 InnoDB: The InnoDB memory heap is disabled
151026 23:35:27 InnoDB: Mutexes and rw_locks use Windows interlocked functions
151026 23:35:27 InnoDB: Compressed tables use zlib 1.2.3
151026 23:35:27 InnoDB: Initializing buffer pool, size = 16.0M
151026 23:35:27 InnoDB: Completed initialization of buffer pool
151026 23:35:27 InnoDB: highest supported file format is Barracuda.
InnoDB: The log sequence number in ibdata files does not match
InnoDB: the log sequence number in the ib_logfiles!
151026 23:35:27  InnoDB: Database was not shut down normally!
InnoDB: Starting crash recovery.
InnoDB: Reading tablespace information from the .ibd files...
InnoDB: Restoring possible half-written data pages from the doublewrite
InnoDB: buffer...
151026 23:35:27  InnoDB: Waiting for the background threads to start
151026 23:35:28 InnoDB: 5.5.44 started; log sequence number 1767874
151026 23:35:28 [Note] Server hostname (bind-address): '127.0.0.1'; port: 3306
151026 23:35:28 [Note]   - '127.0.0.1' resolves to '127.0.0.1';
151026 23:35:28 [Note] Server socket created on IP: '127.0.0.1'.
151026 23:35:28 [Note] Event Scheduler: Loaded 0 events
151026 23:35:28 [Note] C:\Users\Damian\Downloads\UniServerZ\core\mysql\bin\mysqld_z.exe: ready for connections.
Version: '5.5.44'  socket: ''  port: 3306  MySQL Community Server (GPL)
160902 14:07:04 [Note] Plugin 'FEDERATED' is disabled.
160902 14:07:04 InnoDB: The InnoDB memory heap is disabled
160902 14:07:04 InnoDB: Mutexes and rw_locks use Windows interlocked functions
160902 14:07:04 InnoDB: Compressed tables use zlib 1.2.3
160902 14:07:04 InnoDB: Initializing buffer pool, size = 16.0M
160902 14:07:04 InnoDB: Completed initialization of buffer pool
160902 14:07:04 InnoDB: highest supported file format is Barracuda.
InnoDB: The log sequence number in ibdata files does not match
InnoDB: the log sequence number in the ib_logfiles!
160902 14:07:04  InnoDB: Database was not shut down normally!
InnoDB: Starting crash recovery.
InnoDB: Reading tablespace information from the .ibd files...
InnoDB: Restoring possible half-written data pages from the doublewrite
InnoDB: buffer...
160902 14:07:05  InnoDB: Waiting for the background threads to start
160902 14:07:06 InnoDB: 5.5.44 started; log sequence number 1793624
160902 14:07:06 [Note] Server hostname (bind-address): '127.0.0.1'; port: 3306
160902 14:07:06 [Note]   - '127.0.0.1' resolves to '127.0.0.1';
160902 14:07:06 [Note] Server socket created on IP: '127.0.0.1'.
160902 14:07:06 [ERROR] Can't start server: Bind on TCP/IP port: No such file or directory
160902 14:07:06 [ERROR] Do you already have another mysqld server running on port: 3306 ?
160902 14:07:06 [ERROR] Aborting

160902 14:07:06  InnoDB: Starting shutdown...
160902 14:07:06  InnoDB: Shutdown completed; log sequence number 1793624
160902 14:07:06 [Note] C:\Users\Damian\Documents\KTH\ApplikationerFörInternet\UniServer2\UniServerZ\core\mysql\bin\mysqld_z.exe: Shutdown complete

160902 14:11:28 [Note] Plugin 'FEDERATED' is disabled.
160902 14:11:28 InnoDB: The InnoDB memory heap is disabled
160902 14:11:28 InnoDB: Mutexes and rw_locks use Windows interlocked functions
160902 14:11:28 InnoDB: Compressed tables use zlib 1.2.3
160902 14:11:28 InnoDB: Initializing buffer pool, size = 16.0M
160902 14:11:28 InnoDB: Completed initialization of buffer pool
160902 14:11:28 InnoDB: highest supported file format is Barracuda.
160902 14:11:28  InnoDB: Waiting for the background threads to start
160902 14:11:29 InnoDB: 5.5.44 started; log sequence number 1793624
160902 14:11:29 [Note] Server hostname (bind-address): '127.0.0.1'; port: 3306
160902 14:11:29 [Note]   - '127.0.0.1' resolves to '127.0.0.1';
160902 14:11:29 [Note] Server socket created on IP: '127.0.0.1'.
160902 14:11:29 [ERROR] Can't start server: Bind on TCP/IP port: No such file or directory
160902 14:11:29 [ERROR] Do you already have another mysqld server running on port: 3306 ?
160902 14:11:29 [ERROR] Aborting

160902 14:11:29  InnoDB: Starting shutdown...
160902 14:11:30  InnoDB: Shutdown completed; log sequence number 1793624
160902 14:11:30 [Note] C:\Users\Damian\Documents\KTH\Internet\UniServer2\UniServerZ\core\mysql\bin\mysqld_z.exe: Shutdown complete

160902 14:13:57 [Note] Plugin 'FEDERATED' is disabled.
160902 14:13:57 InnoDB: The InnoDB memory heap is disabled
160902 14:13:57 InnoDB: Mutexes and rw_locks use Windows interlocked functions
160902 14:13:57 InnoDB: Compressed tables use zlib 1.2.3
160902 14:13:57 InnoDB: Initializing buffer pool, size = 16.0M
160902 14:13:57 InnoDB: Completed initialization of buffer pool
160902 14:13:57 InnoDB: highest supported file format is Barracuda.
160902 14:13:57  InnoDB: Waiting for the background threads to start
160902 14:13:58 InnoDB: 5.5.44 started; log sequence number 1793624
160902 14:13:58 [Note] Server hostname (bind-address): '127.0.0.1'; port: 3306
160902 14:13:58 [Note]   - '127.0.0.1' resolves to '127.0.0.1';
160902 14:13:58 [Note] Server socket created on IP: '127.0.0.1'.
160902 14:13:58 [ERROR] Can't start server: Bind on TCP/IP port: No such file or directory
160902 14:13:58 [ERROR] Do you already have another mysqld server running on port: 3306 ?
160902 14:13:58 [ERROR] Aborting

160902 14:13:58  InnoDB: Starting shutdown...
160902 14:13:58  InnoDB: Shutdown completed; log sequence number 1793624
160902 14:13:58 [Note] C:\Users\Damian\Documents\KTH\Internet\UniServer2\UniServerZ\core\mysql\bin\mysqld_z.exe: Shutdown complete

160915 16:52:14 [Note] Plugin 'FEDERATED' is disabled.
160915 16:52:14 InnoDB: The InnoDB memory heap is disabled
160915 16:52:14 InnoDB: Mutexes and rw_locks use Windows interlocked functions
160915 16:52:14 InnoDB: Compressed tables use zlib 1.2.3
160915 16:52:14 InnoDB: Initializing buffer pool, size = 16.0M
160915 16:52:14 InnoDB: Completed initialization of buffer pool
160915 16:52:14 InnoDB: highest supported file format is Barracuda.
160915 16:52:14  InnoDB: Waiting for the background threads to start
160915 16:52:15 InnoDB: 5.5.44 started; log sequence number 1793624
160915 16:52:15 [Note] Server hostname (bind-address): '127.0.0.1'; port: 3306
160915 16:52:15 [Note]   - '127.0.0.1' resolves to '127.0.0.1';
160915 16:52:15 [Note] Server socket created on IP: '127.0.0.1'.
160915 16:52:15 [ERROR] Can't start server: Bind on TCP/IP port: No such file or directory
160915 16:52:15 [ERROR] Do you already have another mysqld server running on port: 3306 ?
160915 16:52:15 [ERROR] Aborting

160915 16:52:15  InnoDB: Starting shutdown...
160915 16:52:16  InnoDB: Shutdown completed; log sequence number 1793624
160915 16:52:16 [Note] C:\Users\Damian\Documents\KTH\Internet\UniServer2\UniServerZ\core\mysql\bin\mysqld_z.exe: Shutdown complete

160915 16:52:52 [Note] Plugin 'FEDERATED' is disabled.
160915 16:52:52 InnoDB: The InnoDB memory heap is disabled
160915 16:52:52 InnoDB: Mutexes and rw_locks use Windows interlocked functions
160915 16:52:52 InnoDB: Compressed tables use zlib 1.2.3
160915 16:52:52 InnoDB: Initializing buffer pool, size = 16.0M
160915 16:52:52 InnoDB: Completed initialization of buffer pool
160915 16:52:52 InnoDB: highest supported file format is Barracuda.
160915 16:52:52  InnoDB: Waiting for the background threads to start
160915 16:52:53 InnoDB: 5.5.44 started; log sequence number 1793624
160915 16:52:53 [Note] Server hostname (bind-address): '127.0.0.1'; port: 3306
160915 16:52:53 [Note]   - '127.0.0.1' resolves to '127.0.0.1';
160915 16:52:53 [Note] Server socket created on IP: '127.0.0.1'.
160915 16:52:53 [ERROR] Can't start server: Bind on TCP/IP port: No such file or directory
160915 16:52:53 [ERROR] Do you already have another mysqld server running on port: 3306 ?
160915 16:52:53 [ERROR] Aborting

160915 16:52:53  InnoDB: Starting shutdown...
160915 16:52:53  InnoDB: Shutdown completed; log sequence number 1793624
160915 16:52:53 [Note] C:\Users\Damian\Documents\KTH\Internet\UniServer2\UniServerZ\core\mysql\bin\mysqld_z.exe: Shutdown complete

160915 16:57:22 [Note] Plugin 'FEDERATED' is disabled.
160915 16:57:22 InnoDB: The InnoDB memory heap is disabled
160915 16:57:22 InnoDB: Mutexes and rw_locks use Windows interlocked functions
160915 16:57:22 InnoDB: Compressed tables use zlib 1.2.3
160915 16:57:22 InnoDB: Initializing buffer pool, size = 16.0M
160915 16:57:22 InnoDB: Completed initialization of buffer pool
160915 16:57:22 InnoDB: highest supported file format is Barracuda.
160915 16:57:22  InnoDB: Waiting for the background threads to start
160915 16:57:23 InnoDB: 5.5.44 started; log sequence number 1793624
160915 16:57:23 [Note] Server hostname (bind-address): '127.0.0.1'; port: 3306
160915 16:57:23 [Note]   - '127.0.0.1' resolves to '127.0.0.1';
160915 16:57:23 [Note] Server socket created on IP: '127.0.0.1'.
160915 16:57:23 [ERROR] Can't start server: Bind on TCP/IP port: No such file or directory
160915 16:57:23 [ERROR] Do you already have another mysqld server running on port: 3306 ?
160915 16:57:23 [ERROR] Aborting

160915 16:57:23  InnoDB: Starting shutdown...
160915 16:57:23  InnoDB: Shutdown completed; log sequence number 1793624
160915 16:57:23 [Note] C:\Users\Damian\Documents\KTH\Internet\UniServer2\UniServerZ\core\mysql\bin\mysqld_z.exe: Shutdown complete

160915 16:58:35 [Note] Plugin 'FEDERATED' is disabled.
160915 16:58:35 InnoDB: The InnoDB memory heap is disabled
160915 16:58:35 InnoDB: Mutexes and rw_locks use Windows interlocked functions
160915 16:58:35 InnoDB: Compressed tables use zlib 1.2.3
160915 16:58:35 InnoDB: Initializing buffer pool, size = 16.0M
160915 16:58:35 InnoDB: Completed initialization of buffer pool
160915 16:58:35 InnoDB: highest supported file format is Barracuda.
160915 16:58:35  InnoDB: Waiting for the background threads to start
160915 16:58:36 InnoDB: 5.5.44 started; log sequence number 1793624
160915 16:58:36 [Note] Server hostname (bind-address): '127.0.0.1'; port: 3306
160915 16:58:36 [Note]   - '127.0.0.1' resolves to '127.0.0.1';
160915 16:58:36 [Note] Server socket created on IP: '127.0.0.1'.
160915 16:58:36 [ERROR] Can't start server: Bind on TCP/IP port: No error
160915 16:58:36 [ERROR] Do you already have another mysqld server running on port: 3306 ?
160915 16:58:36 [ERROR] Aborting

160915 16:58:36  InnoDB: Starting shutdown...
160915 16:58:36  InnoDB: Shutdown completed; log sequence number 1793624
160915 16:58:36 [Note] C:\Users\Damian\Documents\KTH\Internet\UniServer2\UniServerZ\core\mysql\bin\mysqld_z.exe: Shutdown complete

160915 16:59:52 [Note] Plugin 'FEDERATED' is disabled.
160915 16:59:52 InnoDB: The InnoDB memory heap is disabled
160915 16:59:52 InnoDB: Mutexes and rw_locks use Windows interlocked functions
160915 16:59:52 InnoDB: Compressed tables use zlib 1.2.3
160915 16:59:52 InnoDB: Initializing buffer pool, size = 16.0M
160915 16:59:52 InnoDB: Completed initialization of buffer pool
160915 16:59:52 InnoDB: highest supported file format is Barracuda.
160915 16:59:52  InnoDB: Waiting for the background threads to start
160915 16:59:53 InnoDB: 5.5.44 started; log sequence number 1793624
160915 16:59:53 [Note] Server hostname (bind-address): '127.0.0.1'; port: 3306
160915 16:59:53 [Note]   - '127.0.0.1' resolves to '127.0.0.1';
160915 16:59:53 [Note] Server socket created on IP: '127.0.0.1'.
160915 16:59:53 [ERROR] Can't start server: Bind on TCP/IP port: No such file or directory
160915 16:59:53 [ERROR] Do you already have another mysqld server running on port: 3306 ?
160915 16:59:53 [ERROR] Aborting

160915 16:59:53  InnoDB: Starting shutdown...
160915 16:59:54  InnoDB: Shutdown completed; log sequence number 1793624
160915 16:59:54 [Note] C:\Users\Damian\Documents\KTH\Internet\UniServer2\UniServerZ\core\mysql\bin\mysqld_z.exe: Shutdown complete

160915 16:59:54 [Note] Plugin 'FEDERATED' is disabled.
160915 16:59:54 InnoDB: The InnoDB memory heap is disabled
160915 16:59:54 InnoDB: Mutexes and rw_locks use Windows interlocked functions
160915 16:59:54 InnoDB: Compressed tables use zlib 1.2.3
160915 16:59:54 InnoDB: Initializing buffer pool, size = 16.0M
160915 16:59:54 InnoDB: Completed initialization of buffer pool
160915 16:59:54 InnoDB: highest supported file format is Barracuda.
160915 16:59:55  InnoDB: Waiting for the background threads to start
160915 16:59:56 InnoDB: 5.5.44 started; log sequence number 1793624
160915 16:59:56 [Note] Server hostname (bind-address): '127.0.0.1'; port: 3306
160915 16:59:56 [Note]   - '127.0.0.1' resolves to '127.0.0.1';
160915 16:59:56 [Note] Server socket created on IP: '127.0.0.1'.
160915 16:59:56 [ERROR] Can't start server: Bind on TCP/IP port: No such file or directory
160915 16:59:56 [ERROR] Do you already have another mysqld server running on port: 3306 ?
160915 16:59:56 [ERROR] Aborting

160915 16:59:56  InnoDB: Starting shutdown...
160915 16:59:56  InnoDB: Shutdown completed; log sequence number 1793624
160915 16:59:56 [Note] C:\Users\Damian\Documents\KTH\Internet\UniServer2\UniServerZ\core\mysql\bin\mysqld_z.exe: Shutdown complete

160915 17:04:12 [Note] Plugin 'FEDERATED' is disabled.
160915 17:04:12 InnoDB: The InnoDB memory heap is disabled
160915 17:04:12 InnoDB: Mutexes and rw_locks use Windows interlocked functions
160915 17:04:12 InnoDB: Compressed tables use zlib 1.2.3
160915 17:04:12 InnoDB: Initializing buffer pool, size = 16.0M
160915 17:04:12 InnoDB: Completed initialization of buffer pool
160915 17:04:12 InnoDB: highest supported file format is Barracuda.
160915 17:04:13  InnoDB: Waiting for the background threads to start
160915 17:04:14 InnoDB: 5.5.44 started; log sequence number 1793624
160915 17:04:14 [Note] Server hostname (bind-address): '127.0.0.1'; port: 3306
160915 17:04:14 [Note]   - '127.0.0.1' resolves to '127.0.0.1';
160915 17:04:14 [Note] Server socket created on IP: '127.0.0.1'.
160915 17:04:14 [ERROR] Can't start server: Bind on TCP/IP port: No error
160915 17:04:14 [ERROR] Do you already have another mysqld server running on port: 3306 ?
160915 17:04:14 [ERROR] Aborting

160915 17:04:14  InnoDB: Starting shutdown...
160915 17:04:14  InnoDB: Shutdown completed; log sequence number 1793624
160915 17:04:14 [Note] C:\Users\Damian\Documents\KTH\Internet\UniServer2\UniServerZ\core\mysql\bin\mysqld_z.exe: Shutdown complete

160915 17:05:30 [Note] Plugin 'FEDERATED' is disabled.
160915 17:05:30 InnoDB: The InnoDB memory heap is disabled
160915 17:05:30 InnoDB: Mutexes and rw_locks use Windows interlocked functions
160915 17:05:30 InnoDB: Compressed tables use zlib 1.2.3
160915 17:05:30 InnoDB: Initializing buffer pool, size = 16.0M
160915 17:05:30 InnoDB: Completed initialization of buffer pool
160915 17:05:30 InnoDB: highest supported file format is Barracuda.
160915 17:05:30  InnoDB: Waiting for the background threads to start
160915 17:05:31 InnoDB: 5.5.44 started; log sequence number 1793624
160915 17:05:31 [Note] Server hostname (bind-address): '127.0.0.1'; port: 3306
160915 17:05:31 [Note]   - '127.0.0.1' resolves to '127.0.0.1';
160915 17:05:31 [Note] Server socket created on IP: '127.0.0.1'.
160915 17:05:31 [ERROR] Can't start server: Bind on TCP/IP port: No such file or directory
160915 17:05:31 [ERROR] Do you already have another mysqld server running on port: 3306 ?
160915 17:05:31 [ERROR] Aborting

160915 17:05:31  InnoDB: Starting shutdown...
160915 17:05:32  InnoDB: Shutdown completed; log sequence number 1793624
160915 17:05:32 [Note] C:\Users\Damian\Documents\KTH\Internet\UniServer2\UniServerZ\core\mysql\bin\mysqld_z.exe: Shutdown complete

160915 17:09:34 [Note] Plugin 'FEDERATED' is disabled.
160915 17:09:34 InnoDB: The InnoDB memory heap is disabled
160915 17:09:34 InnoDB: Mutexes and rw_locks use Windows interlocked functions
160915 17:09:34 InnoDB: Compressed tables use zlib 1.2.3
160915 17:09:34 InnoDB: Initializing buffer pool, size = 16.0M
160915 17:09:34 InnoDB: Completed initialization of buffer pool
160915 17:09:34 InnoDB: highest supported file format is Barracuda.
160915 17:09:34  InnoDB: Waiting for the background threads to start
160915 17:09:35 InnoDB: 5.5.44 started; log sequence number 1793624
160915 17:09:35 [Note] Server hostname (bind-address): '127.0.0.1'; port: 3306
160915 17:09:35 [Note]   - '127.0.0.1' resolves to '127.0.0.1';
160915 17:09:35 [Note] Server socket created on IP: '127.0.0.1'.
160915 17:09:36 [Note] Event Scheduler: Loaded 0 events
160915 17:09:36 [Note] C:\Users\Damian\Documents\KTH\Internet\UniServer2\UniServerZ\core\mysql\bin\mysqld_z.exe: ready for connections.
Version: '5.5.44'  socket: ''  port: 3306  MySQL Community Server (GPL)
160920 13:27:59 [Note] C:\Users\Damian\Documents\KTH\Internet\UniServer2\UniServerZ\core\mysql\bin\mysqld_z.exe: Normal shutdown

160920 13:27:59 [Note] Event Scheduler: Purging the queue. 0 events
160920 13:27:59  InnoDB: Starting shutdown...
160920 13:28:00  InnoDB: Shutdown completed; log sequence number 1793634
160920 13:28:00 [Note] C:\Users\Damian\Documents\KTH\Internet\UniServer2\UniServerZ\core\mysql\bin\mysqld_z.exe: Shutdown complete

160928 12:44:01 [Note] Plugin 'FEDERATED' is disabled.
160928 12:44:01 InnoDB: The InnoDB memory heap is disabled
160928 12:44:01 InnoDB: Mutexes and rw_locks use Windows interlocked functions
160928 12:44:01 InnoDB: Compressed tables use zlib 1.2.3
160928 12:44:01 InnoDB: Initializing buffer pool, size = 16.0M
160928 12:44:01 InnoDB: Completed initialization of buffer pool
160928 12:44:01 InnoDB: highest supported file format is Barracuda.
160928 12:44:01  InnoDB: Waiting for the background threads to start
160928 12:44:02 InnoDB: 5.5.44 started; log sequence number 1793634
160928 12:44:03 [Note] Server hostname (bind-address): '127.0.0.1'; port: 3306
160928 12:44:03 [Note]   - '127.0.0.1' resolves to '127.0.0.1';
160928 12:44:03 [Note] Server socket created on IP: '127.0.0.1'.
160928 12:44:03 [Note] Event Scheduler: Loaded 0 events
160928 12:44:03 [Note] C:\Users\Damian\Documents\KTH\Internet\UniServer2\UniServerZ\core\mysql\bin\mysqld_z.exe: ready for connections.
Version: '5.5.44'  socket: ''  port: 3306  MySQL Community Server (GPL)
160928 13:14:02 [Note] C:\Users\Damian\Documents\KTH\Internet\UniServer2\UniServerZ\core\mysql\bin\mysqld_z.exe: Normal shutdown

160928 13:14:02 [Note] Event Scheduler: Purging the queue. 0 events
160928 13:14:02  InnoDB: Starting shutdown...
160928 13:14:03  InnoDB: Shutdown completed; log sequence number 1794669
160928 13:14:03 [Note] C:\Users\Damian\Documents\KTH\Internet\UniServer2\UniServerZ\core\mysql\bin\mysqld_z.exe: Shutdown complete

160928 13:14:03 [Note] Plugin 'FEDERATED' is disabled.
160928 13:14:03 InnoDB: The InnoDB memory heap is disabled
160928 13:14:03 InnoDB: Mutexes and rw_locks use Windows interlocked functions
160928 13:14:03 InnoDB: Compressed tables use zlib 1.2.3
160928 13:14:03 InnoDB: Initializing buffer pool, size = 16.0M
160928 13:14:03 InnoDB: Completed initialization of buffer pool
160928 13:14:03 InnoDB: highest supported file format is Barracuda.
160928 13:14:03  InnoDB: Waiting for the background threads to start
160928 13:14:04 InnoDB: 5.5.44 started; log sequence number 1794669
160928 13:14:04 [Note] Server hostname (bind-address): '127.0.0.1'; port: 3306
160928 13:14:04 [Note]   - '127.0.0.1' resolves to '127.0.0.1';
160928 13:14:04 [Note] Server socket created on IP: '127.0.0.1'.
160928 13:14:05 [Note] Event Scheduler: Loaded 0 events
160928 13:14:05 [Note] C:\Users\Damian\Documents\KTH\Internet\UniServer2\UniServerZ\core\mysql\bin\mysqld_z.exe: ready for connections.
Version: '5.5.44'  socket: ''  port: 3306  MySQL Community Server (GPL)
160928 13:14:05 [Note] C:\Users\Damian\Documents\KTH\Internet\UniServer2\UniServerZ\core\mysql\bin\mysqld_z.exe: Normal shutdown

160928 13:14:05 [Note] Event Scheduler: Purging the queue. 0 events
160928 13:14:05  InnoDB: Starting shutdown...
160928 13:14:06  InnoDB: Shutdown completed; log sequence number 1794669
160928 13:14:06 [Note] C:\Users\Damian\Documents\KTH\Internet\UniServer2\UniServerZ\core\mysql\bin\mysqld_z.exe: Shutdown complete

160928 13:36:03 [Note] Plugin 'FEDERATED' is disabled.
160928 13:36:03 InnoDB: The InnoDB memory heap is disabled
160928 13:36:03 InnoDB: Mutexes and rw_locks use Windows interlocked functions
160928 13:36:03 InnoDB: Compressed tables use zlib 1.2.3
160928 13:36:03 InnoDB: Initializing buffer pool, size = 16.0M
160928 13:36:03 InnoDB: Completed initialization of buffer pool
160928 13:36:03 InnoDB: highest supported file format is Barracuda.
160928 13:36:03  InnoDB: Waiting for the background threads to start
160928 13:36:04 InnoDB: 5.5.44 started; log sequence number 1794669
160928 13:36:04 [Note] Server hostname (bind-address): '127.0.0.1'; port: 3306
160928 13:36:04 [Note]   - '127.0.0.1' resolves to '127.0.0.1';
160928 13:36:04 [Note] Server socket created on IP: '127.0.0.1'.
160928 13:36:04 [Note] Event Scheduler: Loaded 0 events
160928 13:36:04 [Note] C:\Users\Damian\Documents\KTH\Internet\UniServer2\UniServerZ\core\mysql\bin\mysqld_z.exe: ready for connections.
Version: '5.5.44'  socket: ''  port: 3306  MySQL Community Server (GPL)
160930 12:04:13 [Note] C:\Users\Damian\Documents\KTH\Internet\UniServer2\UniServerZ\core\mysql\bin\mysqld_z.exe: Normal shutdown

160930 12:04:13 [Note] Event Scheduler: Purging the queue. 0 events
160930 12:04:13  InnoDB: Starting shutdown...
160930 12:04:14  InnoDB: Shutdown completed; log sequence number 1802915
160930 12:04:14 [Note] C:\Users\Damian\Documents\KTH\Internet\UniServer2\UniServerZ\core\mysql\bin\mysqld_z.exe: Shutdown complete

160930 14:10:17 [Note] Plugin 'FEDERATED' is disabled.
160930 14:10:17 InnoDB: The InnoDB memory heap is disabled
160930 14:10:17 InnoDB: Mutexes and rw_locks use Windows interlocked functions
160930 14:10:17 InnoDB: Compressed tables use zlib 1.2.3
160930 14:10:17 InnoDB: Initializing buffer pool, size = 16.0M
160930 14:10:17 InnoDB: Completed initialization of buffer pool
160930 14:10:17 InnoDB: highest supported file format is Barracuda.
160930 14:10:18  InnoDB: Waiting for the background threads to start
160930 14:10:19 InnoDB: 5.5.44 started; log sequence number 1802915
160930 14:10:19 [Note] Server hostname (bind-address): '127.0.0.1'; port: 3306
160930 14:10:19 [Note]   - '127.0.0.1' resolves to '127.0.0.1';
160930 14:10:19 [Note] Server socket created on IP: '127.0.0.1'.
160930 14:10:19 [Note] Event Scheduler: Loaded 0 events
160930 14:10:19 [Note] C:\Users\Damian\Documents\KTH\Internet\UniServer2\UniServerZ\core\mysql\bin\mysqld_z.exe: ready for connections.
Version: '5.5.44'  socket: ''  port: 3306  MySQL Community Server (GPL)
161001 15:01:30 [Note] C:\Users\Damian\Documents\KTH\Internet\UniServer2\UniServerZ\core\mysql\bin\mysqld_z.exe: Normal shutdown

161001 15:01:30 [Note] Event Scheduler: Purging the queue. 0 events
161001 15:01:30  InnoDB: Starting shutdown...
161001 15:01:31  InnoDB: Shutdown completed; log sequence number 1802925
161001 15:01:31 [Note] C:\Users\Damian\Documents\KTH\Internet\UniServer2\UniServerZ\core\mysql\bin\mysqld_z.exe: Shutdown complete

161001 15:01:40 [Note] Plugin 'FEDERATED' is disabled.
161001 15:01:40 InnoDB: The InnoDB memory heap is disabled
161001 15:01:40 InnoDB: Mutexes and rw_locks use Windows interlocked functions
161001 15:01:40 InnoDB: Compressed tables use zlib 1.2.3
161001 15:01:40 InnoDB: Initializing buffer pool, size = 16.0M
161001 15:01:40 InnoDB: Completed initialization of buffer pool
161001 15:01:40 InnoDB: highest supported file format is Barracuda.
161001 15:01:41  InnoDB: Waiting for the background threads to start
161001 15:01:42 InnoDB: 5.5.44 started; log sequence number 1802925
161001 15:01:42 [Note] Server hostname (bind-address): '127.0.0.1'; port: 3306
161001 15:01:42 [Note]   - '127.0.0.1' resolves to '127.0.0.1';
161001 15:01:42 [Note] Server socket created on IP: '127.0.0.1'.
161001 15:01:42 [Note] Event Scheduler: Loaded 0 events
161001 15:01:42 [Note] C:\Users\Damian\Documents\KTH\Internet\UniServer2\UniServerZ\core\mysql\bin\mysqld_z.exe: ready for connections.
Version: '5.5.44'  socket: ''  port: 3306  MySQL Community Server (GPL)
161001 15:01:42 [Note] C:\Users\Damian\Documents\KTH\Internet\UniServer2\UniServerZ\core\mysql\bin\mysqld_z.exe: Normal shutdown

161001 15:01:42 [Note] Event Scheduler: Purging the queue. 0 events
161001 15:01:42  InnoDB: Starting shutdown...
161001 15:01:43  InnoDB: Shutdown completed; log sequence number 1802925
161001 15:01:43 [Note] C:\Users\Damian\Documents\KTH\Internet\UniServer2\UniServerZ\core\mysql\bin\mysqld_z.exe: Shutdown complete

161004 12:57:10 [Note] Plugin 'FEDERATED' is disabled.
161004 12:57:10 InnoDB: The InnoDB memory heap is disabled
161004 12:57:10 InnoDB: Mutexes and rw_locks use Windows interlocked functions
161004 12:57:10 InnoDB: Compressed tables use zlib 1.2.3
161004 12:57:10 InnoDB: Initializing buffer pool, size = 16.0M
161004 12:57:10 InnoDB: Completed initialization of buffer pool
161004 12:57:10 InnoDB: highest supported file format is Barracuda.
161004 12:57:10  InnoDB: Waiting for the background threads to start
161004 12:57:11 InnoDB: 5.5.44 started; log sequence number 1802925
161004 12:57:11 [Note] Server hostname (bind-address): '127.0.0.1'; port: 3306
161004 12:57:11 [Note]   - '127.0.0.1' resolves to '127.0.0.1';
161004 12:57:11 [Note] Server socket created on IP: '127.0.0.1'.
161004 12:57:11 [Note] Event Scheduler: Loaded 0 events
161004 12:57:11 [Note] C:\Users\Damian\Documents\KTH\Internet\UniServer2\UniServerZ\core\mysql\bin\mysqld_z.exe: ready for connections.
Version: '5.5.44'  socket: ''  port: 3306  MySQL Community Server (GPL)
161004 15:02:48 [Note] C:\Users\Damian\Documents\KTH\Internet\UniServer2\UniServerZ\core\mysql\bin\mysqld_z.exe: Normal shutdown

161004 15:02:48 [Note] Event Scheduler: Purging the queue. 0 events
161004 15:02:48  InnoDB: Starting shutdown...
161004 15:02:49  InnoDB: Shutdown completed; log sequence number 1859353
161004 15:02:49 [Note] C:\Users\Damian\Documents\KTH\Internet\UniServer2\UniServerZ\core\mysql\bin\mysqld_z.exe: Shutdown complete

161004 15:02:54 [Note] Plugin 'FEDERATED' is disabled.
161004 15:02:54 InnoDB: The InnoDB memory heap is disabled
161004 15:02:54 InnoDB: Mutexes and rw_locks use Windows interlocked functions
161004 15:02:54 InnoDB: Compressed tables use zlib 1.2.3
161004 15:02:54 InnoDB: Initializing buffer pool, size = 16.0M
161004 15:02:54 InnoDB: Completed initialization of buffer pool
161004 15:02:54 InnoDB: highest supported file format is Barracuda.
161004 15:02:54  InnoDB: Waiting for the background threads to start
161004 15:02:55 InnoDB: 5.5.44 started; log sequence number 1859353
161004 15:02:55 [Note] Server hostname (bind-address): '127.0.0.1'; port: 3306
161004 15:02:55 [Note]   - '127.0.0.1' resolves to '127.0.0.1';
161004 15:02:55 [Note] Server socket created on IP: '127.0.0.1'.
161004 15:02:55 [Note] Event Scheduler: Loaded 0 events
161004 15:02:55 [Note] C:\Users\Damian\Documents\KTH\Internet\UniServer2\UniServerZ\core\mysql\bin\mysqld_z.exe: ready for connections.
Version: '5.5.44'  socket: ''  port: 3306  MySQL Community Server (GPL)
161006 12:27:20 [Note] C:\Users\Damian\Documents\KTH\Internet\UniServer2\UniServerZ\core\mysql\bin\mysqld_z.exe: Normal shutdown

161006 12:27:20 [Note] Event Scheduler: Purging the queue. 0 events
161006 12:27:20  InnoDB: Starting shutdown...
161006 12:27:21  InnoDB: Shutdown completed; log sequence number 1862695
161006 12:27:21 [Note] C:\Users\Damian\Documents\KTH\Internet\UniServer2\UniServerZ\core\mysql\bin\mysqld_z.exe: Shutdown complete

161010 12:36:11 [Note] Plugin 'FEDERATED' is disabled.
161010 12:36:11 InnoDB: The InnoDB memory heap is disabled
161010 12:36:11 InnoDB: Mutexes and rw_locks use Windows interlocked functions
161010 12:36:11 InnoDB: Compressed tables use zlib 1.2.3
161010 12:36:11 InnoDB: Initializing buffer pool, size = 16.0M
161010 12:36:11 InnoDB: Completed initialization of buffer pool
161010 12:36:11 InnoDB: highest supported file format is Barracuda.
161010 12:36:11  InnoDB: Waiting for the background threads to start
161010 12:36:12 InnoDB: 5.5.44 started; log sequence number 1862695
161010 12:36:12 [Note] Server hostname (bind-address): '127.0.0.1'; port: 3306
161010 12:36:12 [Note]   - '127.0.0.1' resolves to '127.0.0.1';
161010 12:36:12 [Note] Server socket created on IP: '127.0.0.1'.
161010 12:36:12 [Note] Event Scheduler: Loaded 0 events
161010 12:36:12 [Note] C:\Users\Damian\Documents\KTH\Internet\UniServer2\UniServerZ\core\mysql\bin\mysqld_z.exe: ready for connections.
Version: '5.5.44'  socket: ''  port: 3306  MySQL Community Server (GPL)
161010 15:00:33 [Note] C:\Users\Damian\Documents\KTH\Internet\UniServer2\UniServerZ\core\mysql\bin\mysqld_z.exe: Normal shutdown

161010 15:00:33 [Note] Event Scheduler: Purging the queue. 0 events
161010 15:00:33  InnoDB: Starting shutdown...
161010 15:00:34  InnoDB: Shutdown completed; log sequence number 1876617
161010 15:00:34 [Note] C:\Users\Damian\Documents\KTH\Internet\UniServer2\UniServerZ\core\mysql\bin\mysqld_z.exe: Shutdown complete

161010 15:03:47 [Note] Plugin 'FEDERATED' is disabled.
161010 15:03:47 InnoDB: The InnoDB memory heap is disabled
161010 15:03:47 InnoDB: Mutexes and rw_locks use Windows interlocked functions
161010 15:03:47 InnoDB: Compressed tables use zlib 1.2.3
161010 15:03:47 InnoDB: Initializing buffer pool, size = 16.0M
161010 15:03:47 InnoDB: Completed initialization of buffer pool
161010 15:03:47 InnoDB: highest supported file format is Barracuda.
161010 15:03:47  InnoDB: Waiting for the background threads to start
161010 15:03:48 InnoDB: 5.5.44 started; log sequence number 1876617
161010 15:03:48 [Note] Server hostname (bind-address): '127.0.0.1'; port: 3306
161010 15:03:48 [Note]   - '127.0.0.1' resolves to '127.0.0.1';
161010 15:03:48 [Note] Server socket created on IP: '127.0.0.1'.
161010 15:03:48 [Note] Event Scheduler: Loaded 0 events
161010 15:03:48 [Note] C:\Users\Damian\Documents\KTH\Internet\UniServer2\UniServerZ\core\mysql\bin\mysqld_z.exe: ready for connections.
Version: '5.5.44'  socket: ''  port: 3306  MySQL Community Server (GPL)
161027 12:32:52 [Note] Plugin 'FEDERATED' is disabled.
161027 12:32:52 InnoDB: The InnoDB memory heap is disabled
161027 12:32:52 InnoDB: Mutexes and rw_locks use Windows interlocked functions
161027 12:32:52 InnoDB: Compressed tables use zlib 1.2.3
161027 12:32:52 InnoDB: Initializing buffer pool, size = 16.0M
161027 12:32:52 InnoDB: Completed initialization of buffer pool
161027 12:32:52 InnoDB: highest supported file format is Barracuda.
InnoDB: The log sequence number in ibdata files does not match
InnoDB: the log sequence number in the ib_logfiles!
161027 12:32:52  InnoDB: Database was not shut down normally!
InnoDB: Starting crash recovery.
InnoDB: Reading tablespace information from the .ibd files...
InnoDB: Restoring possible half-written data pages from the doublewrite
InnoDB: buffer...
161027 12:32:52  InnoDB: Waiting for the background threads to start
161027 12:32:53 InnoDB: 5.5.44 started; log sequence number 1885213
161027 12:32:53 [Note] Server hostname (bind-address): '127.0.0.1'; port: 3306
161027 12:32:53 [Note]   - '127.0.0.1' resolves to '127.0.0.1';
161027 12:32:53 [Note] Server socket created on IP: '127.0.0.1'.
161027 12:32:53 [Note] Event Scheduler: Loaded 0 events
161027 12:32:53 [Note] C:\Users\Damian\Documents\KTH\Internet\UniServer2\UniServerZ\core\mysql\bin\mysqld_z.exe: ready for connections.
Version: '5.5.44'  socket: ''  port: 3306  MySQL Community Server (GPL)
161027 12:44:00 [Note] C:\Users\Damian\Documents\KTH\Internet\UniServer2\UniServerZ\core\mysql\bin\mysqld_z.exe: Normal shutdown

161027 12:44:00 [Note] Event Scheduler: Purging the queue. 0 events
161027 12:44:00  InnoDB: Starting shutdown...
161027 12:44:01  InnoDB: Shutdown completed; log sequence number 1885223
161027 12:44:02 [Note] C:\Users\Damian\Documents\KTH\Internet\UniServer2\UniServerZ\core\mysql\bin\mysqld_z.exe: Shutdown complete

161027 13:44:25 [Note] Plugin 'FEDERATED' is disabled.
161027 13:44:25 InnoDB: The InnoDB memory heap is disabled
161027 13:44:25 InnoDB: Mutexes and rw_locks use Windows interlocked functions
161027 13:44:25 InnoDB: Compressed tables use zlib 1.2.3
161027 13:44:26 InnoDB: Initializing buffer pool, size = 16.0M
161027 13:44:26 InnoDB: Completed initialization of buffer pool
161027 13:44:26 InnoDB: highest supported file format is Barracuda.
161027 13:44:26  InnoDB: Waiting for the background threads to start
161027 13:44:27 InnoDB: 5.5.44 started; log sequence number 1885223
161027 13:44:27 [Note] Server hostname (bind-address): '127.0.0.1'; port: 3306
161027 13:44:27 [Note]   - '127.0.0.1' resolves to '127.0.0.1';
161027 13:44:27 [Note] Server socket created on IP: '127.0.0.1'.
161027 13:44:27 [Note] Event Scheduler: Loaded 0 events
161027 13:44:27 [Note] C:\Users\Damian\Documents\KTH\Internet\UniServer2\UniServerZ\core\mysql\bin\mysqld_z.exe: ready for connections.
Version: '5.5.44'  socket: ''  port: 3306  MySQL Community Server (GPL)
161027 14:27:46 [Note] C:\Users\Damian\Documents\KTH\Internet\UniServer2\UniServerZ\core\mysql\bin\mysqld_z.exe: Normal shutdown

161027 14:27:46 [Note] Event Scheduler: Purging the queue. 0 events
161027 14:27:46  InnoDB: Starting shutdown...
161027 14:27:46  InnoDB: Shutdown completed; log sequence number 1885452
161027 14:27:46 [Note] C:\Users\Damian\Documents\KTH\Internet\UniServer2\UniServerZ\core\mysql\bin\mysqld_z.exe: Shutdown complete

161027 19:13:35 [Note] Plugin 'FEDERATED' is disabled.
161027 19:13:35 InnoDB: The InnoDB memory heap is disabled
161027 19:13:35 InnoDB: Mutexes and rw_locks use Windows interlocked functions
161027 19:13:35 InnoDB: Compressed tables use zlib 1.2.3
161027 19:13:35 InnoDB: Initializing buffer pool, size = 16.0M
161027 19:13:35 InnoDB: Completed initialization of buffer pool
161027 19:13:35 InnoDB: highest supported file format is Barracuda.
161027 19:13:35  InnoDB: Waiting for the background threads to start
161027 19:13:36 InnoDB: 5.5.44 started; log sequence number 1885452
161027 19:13:36 [Note] Server hostname (bind-address): '127.0.0.1'; port: 3306
161027 19:13:36 [Note]   - '127.0.0.1' resolves to '127.0.0.1';
161027 19:13:36 [Note] Server socket created on IP: '127.0.0.1'.
161027 19:13:36 [Note] Event Scheduler: Loaded 0 events
161027 19:13:36 [Note] C:\Users\Damian\Documents\KTH\Internet\UniServer2\UniServerZ\core\mysql\bin\mysqld_z.exe: ready for connections.
Version: '5.5.44'  socket: ''  port: 3306  MySQL Community Server (GPL)
161028 13:03:16 [Note] Plugin 'FEDERATED' is disabled.
161028 13:03:16 InnoDB: The InnoDB memory heap is disabled
161028 13:03:16 InnoDB: Mutexes and rw_locks use Windows interlocked functions
161028 13:03:16 InnoDB: Compressed tables use zlib 1.2.3
161028 13:03:16 InnoDB: Initializing buffer pool, size = 16.0M
161028 13:03:16 InnoDB: Completed initialization of buffer pool
161028 13:03:16 InnoDB: highest supported file format is Barracuda.
InnoDB: The log sequence number in ibdata files does not match
InnoDB: the log sequence number in the ib_logfiles!
161028 13:03:16  InnoDB: Database was not shut down normally!
InnoDB: Starting crash recovery.
InnoDB: Reading tablespace information from the .ibd files...
InnoDB: Restoring possible half-written data pages from the doublewrite
InnoDB: buffer...
161028 13:03:16  InnoDB: Waiting for the background threads to start
161028 13:03:17 InnoDB: 5.5.44 started; log sequence number 1885462
161028 13:03:17 [Note] Server hostname (bind-address): '127.0.0.1'; port: 3306
161028 13:03:17 [Note]   - '127.0.0.1' resolves to '127.0.0.1';
161028 13:03:17 [Note] Server socket created on IP: '127.0.0.1'.
161028 13:03:17 [Note] Event Scheduler: Loaded 0 events
161028 13:03:17 [Note] C:\Users\Damian\Documents\KTH\Internet\UniServer2\UniServerZ\core\mysql\bin\mysqld_z.exe: ready for connections.
Version: '5.5.44'  socket: ''  port: 3306  MySQL Community Server (GPL)
161214 18:23:29 [Note] Plugin 'FEDERATED' is disabled.
161214 18:23:29 InnoDB: The InnoDB memory heap is disabled
161214 18:23:29 InnoDB: Mutexes and rw_locks use Windows interlocked functions
161214 18:23:29 InnoDB: Compressed tables use zlib 1.2.3
161214 18:23:29 InnoDB: Initializing buffer pool, size = 16.0M
161214 18:23:29 InnoDB: Completed initialization of buffer pool
161214 18:23:29 InnoDB: highest supported file format is Barracuda.
InnoDB: The log sequence number in ibdata files does not match
InnoDB: the log sequence number in the ib_logfiles!
161214 18:23:29  InnoDB: Database was not shut down normally!
InnoDB: Starting crash recovery.
InnoDB: Reading tablespace information from the .ibd files...
InnoDB: Restoring possible half-written data pages from the doublewrite
InnoDB: buffer...
161214 18:23:29  InnoDB: Waiting for the background threads to start
161214 18:23:30 InnoDB: 5.5.44 started; log sequence number 1885472
161214 18:23:30 [Note] Server hostname (bind-address): '127.0.0.1'; port: 3306
161214 18:23:30 [Note]   - '127.0.0.1' resolves to '127.0.0.1';
161214 18:23:30 [Note] Server socket created on IP: '127.0.0.1'.
161214 18:23:30 [ERROR] Can't start server: Bind on TCP/IP port: No such file or directory
161214 18:23:30 [ERROR] Do you already have another mysqld server running on port: 3306 ?
161214 18:23:30 [ERROR] Aborting

161214 18:23:30  InnoDB: Starting shutdown...
161214 18:23:31  InnoDB: Shutdown completed; log sequence number 1885472
161214 18:23:31 [Note] C:\Users\Damian\Documents\KTH\Internet\UniServer4\UniServerZ\core\mysql\bin\mysqld_z.exe: Shutdown complete

161214 22:34:34 [Note] Plugin 'FEDERATED' is disabled.
161214 22:34:34 InnoDB: The InnoDB memory heap is disabled
161214 22:34:34 InnoDB: Mutexes and rw_locks use Windows interlocked functions
161214 22:34:34 InnoDB: Compressed tables use zlib 1.2.3
161214 22:34:34 InnoDB: Initializing buffer pool, size = 16.0M
161214 22:34:34 InnoDB: Completed initialization of buffer pool
161214 22:34:34 InnoDB: highest supported file format is Barracuda.
161214 22:34:34  InnoDB: Waiting for the background threads to start
161214 22:34:35 InnoDB: 5.5.44 started; log sequence number 1885472
161214 22:34:35 [Note] Server hostname (bind-address): '127.0.0.1'; port: 3306
161214 22:34:35 [Note]   - '127.0.0.1' resolves to '127.0.0.1';
161214 22:34:35 [Note] Server socket created on IP: '127.0.0.1'.
161214 22:34:35 [ERROR] Can't start server: Bind on TCP/IP port: No such file or directory
161214 22:34:35 [ERROR] Do you already have another mysqld server running on port: 3306 ?
161214 22:34:35 [ERROR] Aborting

161214 22:34:35  InnoDB: Starting shutdown...
161214 22:34:36  InnoDB: Shutdown completed; log sequence number 1885472
161214 22:34:36 [Note] C:\Users\Damian\Documents\KTH\Internet\UniServer4\UniServerZ\core\mysql\bin\mysqld_z.exe: Shutdown complete

161214 22:45:55 [Note] Plugin 'FEDERATED' is disabled.
161214 22:45:55 InnoDB: The InnoDB memory heap is disabled
161214 22:45:55 InnoDB: Mutexes and rw_locks use Windows interlocked functions
161214 22:45:55 InnoDB: Compressed tables use zlib 1.2.3
161214 22:45:55 InnoDB: Initializing buffer pool, size = 16.0M
161214 22:45:55 InnoDB: Completed initialization of buffer pool
161214 22:45:55 InnoDB: highest supported file format is Barracuda.
161214 22:45:55  InnoDB: Waiting for the background threads to start
161214 22:45:56 InnoDB: 5.5.44 started; log sequence number 1885472
161214 22:45:56 [Note] Server hostname (bind-address): '127.0.0.1'; port: 3306
161214 22:45:56 [Note]   - '127.0.0.1' resolves to '127.0.0.1';
161214 22:45:56 [Note] Server socket created on IP: '127.0.0.1'.
161214 22:45:57 [Note] Event Scheduler: Loaded 0 events
161214 22:45:57 [Note] C:\Users\Damian\Documents\KTH\Internet\UniServer4\UniServerZ\core\mysql\bin\mysqld_z.exe: ready for connections.
Version: '5.5.44'  socket: ''  port: 3306  MySQL Community Server (GPL)
161214 23:36:30 [Note] C:\Users\Damian\Documents\KTH\Internet\UniServer4\UniServerZ\core\mysql\bin\mysqld_z.exe: Normal shutdown

161214 23:36:30 [Note] Event Scheduler: Purging the queue. 0 events
161214 23:36:30  InnoDB: Starting shutdown...
161214 23:36:31  InnoDB: Shutdown completed; log sequence number 1885721
161214 23:36:31 [Note] C:\Users\Damian\Documents\KTH\Internet\UniServer4\UniServerZ\core\mysql\bin\mysqld_z.exe: Shutdown complete

161214 23:36:32 [Note] Plugin 'FEDERATED' is disabled.
161214 23:36:32 InnoDB: The InnoDB memory heap is disabled
161214 23:36:32 InnoDB: Mutexes and rw_locks use Windows interlocked functions
161214 23:36:32 InnoDB: Compressed tables use zlib 1.2.3
161214 23:36:32 InnoDB: Initializing buffer pool, size = 16.0M
161214 23:36:32 InnoDB: Completed initialization of buffer pool
161214 23:36:32 InnoDB: highest supported file format is Barracuda.
161214 23:36:32  InnoDB: Waiting for the background threads to start
161214 23:36:33 InnoDB: 5.5.44 started; log sequence number 1885721
161214 23:36:33 [Note] Server hostname (bind-address): '127.0.0.1'; port: 3306
161214 23:36:33 [Note]   - '127.0.0.1' resolves to '127.0.0.1';
161214 23:36:33 [Note] Server socket created on IP: '127.0.0.1'.
161214 23:36:33 [Note] Event Scheduler: Loaded 0 events
161214 23:36:33 [Note] C:\Users\Damian\Documents\KTH\Internet\UniServer4\UniServerZ\core\mysql\bin\mysqld_z.exe: ready for connections.
Version: '5.5.44'  socket: ''  port: 3306  MySQL Community Server (GPL)
161214 23:36:34 [Note] C:\Users\Damian\Documents\KTH\Internet\UniServer4\UniServerZ\core\mysql\bin\mysqld_z.exe: Normal shutdown

161214 23:36:34 [Note] Event Scheduler: Purging the queue. 0 events
161214 23:36:34  InnoDB: Starting shutdown...
161214 23:36:34  InnoDB: Shutdown completed; log sequence number 1885721
161214 23:36:34 [Note] C:\Users\Damian\Documents\KTH\Internet\UniServer4\UniServerZ\core\mysql\bin\mysqld_z.exe: Shutdown complete

161214 23:38:45 [Note] Plugin 'FEDERATED' is disabled.
161214 23:38:45 InnoDB: The InnoDB memory heap is disabled
161214 23:38:45 InnoDB: Mutexes and rw_locks use Windows interlocked functions
161214 23:38:45 InnoDB: Compressed tables use zlib 1.2.3
161214 23:38:45 InnoDB: Initializing buffer pool, size = 16.0M
161214 23:38:45 InnoDB: Completed initialization of buffer pool
161214 23:38:45 InnoDB: highest supported file format is Barracuda.
161214 23:38:45  InnoDB: Waiting for the background threads to start
161214 23:38:46 InnoDB: 5.5.44 started; log sequence number 1885721
161214 23:38:46 [Note] Server hostname (bind-address): '127.0.0.1'; port: 3306
161214 23:38:46 [Note]   - '127.0.0.1' resolves to '127.0.0.1';
161214 23:38:46 [Note] Server socket created on IP: '127.0.0.1'.
161214 23:38:46 [Note] Event Scheduler: Loaded 0 events
161214 23:38:46 [Note] C:\Users\Damian\Documents\KTH\Internet\UniServer4\UniServerZ\core\mysql\bin\mysqld_z.exe: ready for connections.
Version: '5.5.44'  socket: ''  port: 3306  MySQL Community Server (GPL)
161215  0:08:28 [Note] C:\Users\Damian\Documents\KTH\Internet\UniServer4\UniServerZ\core\mysql\bin\mysqld_z.exe: Normal shutdown

161215  0:08:28 [Note] Event Scheduler: Purging the queue. 0 events
161215  0:08:28  InnoDB: Starting shutdown...
161215  0:08:29  InnoDB: Shutdown completed; log sequence number 1885731
161215  0:08:29 [Note] C:\Users\Damian\Documents\KTH\Internet\UniServer4\UniServerZ\core\mysql\bin\mysqld_z.exe: Shutdown complete

